<?xml version="1.0" encoding="UTF-8"?>
<!-- Generated by org.testng.reporters.JUnitReportReporter -->
<testsuite hostname="DESKTOP-1EJJFUM" failures="0" tests="4" name="MainProject.MainProjectMyCars.MyCarsModule" time="66.849" errors="0" timestamp="2025-06-30T18:07:07 IST" skipped="0">
  <testcase classname="MainProject.MainProjectMyCars.MyCarsModule" name="pageLoading" time="5.414"/>
  <testcase classname="MainProject.MainProjectMyCars.MyCarsModule" name="testAddCar" time="41.456"/>
  <testcase classname="MainProject.MainProjectMyCars.MyCarsModule" name="testHoverOnButtons" time="8.584"/>
  <testcase classname="MainProject.MainProjectMyCars.MyCarsModule" name="testEditCarDetails" time="11.395"/>
</testsuite> <!-- MainProject.MainProjectMyCars.MyCarsModule -->
