<?xml version="1.0" encoding="UTF-8"?>
<!-- Generated by org.testng.reporters.JUnitReportReporter -->
<testsuite hostname="DESKTOP-1EJJFUM" failures="0" tests="7" name="MainProjectContactTest.ContactTest" time="108.752" errors="0" timestamp="2025-06-29T18:42:42 IST" skipped="0">
  <testcase classname="MainProjectContactTest.ContactTest" name="testGeneralTestCases" time="9.918"/>
  <testcase classname="MainProjectContactTest.ContactTest" name="testPageLoading" time="4.853"/>
  <testcase classname="MainProjectContactTest.ContactTest" name="testAfterLogin" time="29.560"/>
  <testcase classname="MainProjectContactTest.ContactTest" name="testPrintability" time="6.301"/>
  <testcase classname="MainProjectContactTest.ContactTest" name="testRefresh" time="21.030"/>
  <testcase classname="MainProjectContactTest.ContactTest" name="testKeyboardAccess" time="25.642"/>
  <testcase classname="MainProjectContactTest.ContactTest" name="testBottomPart" time="11.448"/>
</testsuite> <!-- MainProjectContactTest.ContactTest -->
