<?xml version="1.0" encoding="UTF-8"?>
<!-- Generated by org.testng.reporters.JUnitReportReporter -->
<testsuite hostname="DESKTOP-1EJJFUM" failures="0" tests="20" name="MainProject.LoginModule.LoginMainProject" time="187.893" errors="0" timestamp="2025-06-27T00:10:11 IST" skipped="0">
  <testcase classname="MainProject.LoginModule.LoginMainProject" name="loginPageUI" time="7.501"/>
  <testcase classname="MainProject.LoginModule.LoginMainProject" name="testFieldAcceptingInputs" time="9.738"/>
  <testcase classname="MainProject.LoginModule.LoginMainProject" name="testSpaceOnlyAsInput" time="5.379"/>
  <testcase classname="MainProject.LoginModule.LoginMainProject" name="testUppercaseCaseSensitivityPassword" time="7.851"/>
  <testcase classname="MainProject.LoginModule.LoginMainProject" name="testTabKeyNavigation" time="13.158"/>
  <testcase classname="MainProject.LoginModule.LoginMainProject" name="testValidUsernameValidPassword" time="5.355"/>
  <testcase classname="MainProject.LoginModule.LoginMainProject" name="testRefreshClearInputData" time="6.984"/>
  <testcase classname="MainProject.LoginModule.LoginMainProject" name="testRedirectionAfterLoginSuccess" time="6.815"/>
  <testcase classname="MainProject.LoginModule.LoginMainProject" name="testAccountPersistanceAfterMovingToOtherPage" time="20.613"/>
  <testcase classname="MainProject.LoginModule.LoginMainProject" name="testEmptyUsername" time="5.360"/>
  <testcase classname="MainProject.LoginModule.LoginMainProject" name="testEmptyPassWord" time="5.339"/>
  <testcase classname="MainProject.LoginModule.LoginMainProject" name="testEmptyInputFields" time="9.354"/>
  <testcase classname="MainProject.LoginModule.LoginMainProject" name="testWrongPassword" time="8.361"/>
  <testcase classname="MainProject.LoginModule.LoginMainProject" name="testWrongUsername" time="8.343"/>
  <testcase classname="MainProject.LoginModule.LoginMainProject" name="testWrongUsernameAndWrongPassword" time="10.867"/>
  <testcase classname="MainProject.LoginModule.LoginMainProject" name="testUsernameOnlyNumbers" time="5.326"/>
  <testcase classname="MainProject.LoginModule.LoginMainProject" name="testUsernameOnlySpecialCharecters" time="7.932"/>
  <testcase classname="MainProject.LoginModule.LoginMainProject" name="testLogout" time="5.335"/>
  <testcase classname="MainProject.LoginModule.LoginMainProject" name="testLogoutPersistence" time="20.312"/>
  <testcase classname="MainProject.LoginModule.LoginMainProject" name="testLogoutandBack" time="17.970"/>
</testsuite> <!-- MainProject.LoginModule.LoginMainProject -->
