<?xml version="1.0" encoding="UTF-8"?>
<!-- Generated by org.testng.reporters.JUnitReportReporter -->
<testsuite hostname="DESKTOP-1EJJFUM" failures="0" tests="6" name="CompatibilityTesting.TestSignupAndLogin" time="224.550" errors="0" timestamp="2025-06-27T20:51:25 IST" skipped="0">
  <testcase classname="CompatibilityTesting.TestSignupAndLogin" name="signupAndLoginEdge" time="28.634"/>
  <testcase classname="CompatibilityTesting.TestSignupAndLogin" name="signupAndLoginChrome" time="29.835"/>
  <testcase classname="CompatibilityTesting.TestSignupAndLogin" name="signupAndLoginFirefox" time="31.752"/>
  <testcase classname="CompatibilityTesting.TestSignupAndLogin" name="addCarFunctionalityEdge" time="37.143"/>
  <testcase classname="CompatibilityTesting.TestSignupAndLogin" name="addCarFunctionalityChrome" time="36.394"/>
  <testcase classname="CompatibilityTesting.TestSignupAndLogin" name="addCarFunctionalityFirefox" time="60.792"/>
</testsuite> <!-- CompatibilityTesting.TestSignupAndLogin -->
