<?xml version="1.0" encoding="UTF-8"?>
<!-- Generated by org.testng.reporters.JUnitReportReporter -->
<testsuite hostname="DESKTOP-1EJJFUM" failures="0" tests="3" name="CompatibilityTesting.CrossBrowserTest" time="18.886" errors="0" timestamp="2025-06-27T20:43:39 IST" skipped="0">
  <testcase classname="CompatibilityTesting.CrossBrowserTest" name="pageLoading" time="5.950"/>
  <testcase classname="CompatibilityTesting.CrossBrowserTest" name="pageLoading" time="6.454"/>
  <testcase classname="CompatibilityTesting.CrossBrowserTest" name="pageLoading" time="6.482"/>
</testsuite> <!-- CompatibilityTesting.CrossBrowserTest -->
