<?xml version="1.0" encoding="UTF-8"?>
<!-- Generated by org.testng.reporters.JUnitReportReporter -->
<testsuite hostname="DESKTOP-1EJJFUM" failures="0" tests="3" name="MainProject.MainProjectSignUp.SignUpCrossBrowserTest" time="19.198" errors="0" timestamp="2025-06-29T00:19:52 IST" skipped="0">
  <testcase classname="MainProject.MainProjectSignUp.SignUpCrossBrowserTest" name="pageLoading" time="6.734"/>
  <testcase classname="MainProject.MainProjectSignUp.SignUpCrossBrowserTest" name="pageLoading" time="6.382"/>
  <testcase classname="MainProject.MainProjectSignUp.SignUpCrossBrowserTest" name="pageLoading" time="6.082"/>
</testsuite> <!-- MainProject.MainProjectSignUp.SignUpCrossBrowserTest -->
