<?xml version="1.0" encoding="UTF-8"?>
<!-- Generated by org.testng.reporters.JUnitReportReporter -->
<testsuite hostname="DESKTOP-1EJJFUM" failures="0" tests="1" name="MainProject.MainProjectCars.CarsModule" time="90.519" errors="0" timestamp="2025-06-30T14:54:09 IST" skipped="0">
  <testcase classname="MainProject.MainProjectCars.CarsModule" name="testGeneralTestCases" time="90.519"/>
</testsuite> <!-- MainProject.MainProjectCars.CarsModule -->
